#
# There is insufficient memory for the Java Runtime Environment to continue.
# Native memory allocation (malloc) failed to allocate 32744 bytes for Chunk::new
# Possible reasons:
#   The system is out of physical RAM or swap space
#   The process is running with CompressedOops enabled, and the Java Heap may be blocking the growth of the native heap
# Possible solutions:
#   Reduce memory load on the system
#   Increase physical memory or swap space
#   Check if swap backing store is full
#   Decrease Java heap size (-Xmx/-Xms)
#   Decrease number of Java threads
#   Decrease Java thread stack sizes (-Xss)
#   Set larger code cache with -XX:ReservedCodeCacheSize=
#   JVM is running with Unscaled Compressed Oops mode in which the Java heap is
#     placed in the first 4GB address space. The Java Heap base address is the
#     maximum limit for the native heap growth. Please use -XX:HeapBaseMinAddress
#     to set the Java Heap base and to place the Java Heap above 4GB virtual address.
# This output file may be truncated or incomplete.
#
#  Out of Memory Error (arena.cpp:184), pid=8008, tid=10424
#
# JRE version: Java(TM) SE Runtime Environment (20.0.1+9) (build 20.0.1+9-29)
# Java VM: Java HotSpot(TM) 64-Bit Server VM (20.0.1+9-29, mixed mode, emulated-client, sharing, tiered, compressed oops, compressed class ptrs, g1 gc, windows-amd64)
# No core dump will be written. Minidumps are not enabled by default on client versions of Windows
#

---------------  S U M M A R Y ------------

Command Line: -XX:+ShowCodeDetailsInExceptionMessages -agentlib:jdwp=transport=dt_socket,suspend=y,address=localhost:51180 -Dcom.sun.management.jmxremote -Dcom.sun.management.jmxremote.port=51168 -Dcom.sun.management.jmxremote.authenticate=false -Dcom.sun.management.jmxremote.ssl=false -Djava.rmi.server.hostname=localhost -Dspring.jmx.enabled=true -Dmanagement.endpoints.jmx.exposure.include=* -Dspring.application.admin.enabled=true -XX:TieredStopAtLevel=1 -Dspring.boot.project.name=PruebaPersona -javaagent:C:\Users\Gio\Downloads\sts-4.19.0.RELEASE\configuration\org.eclipse.osgi\267\0\.cp\lib\javaagent-shaded.jar -Dfile.encoding=UTF-8 com.example.demo.PruebaPersonaApplication --spring.output.ansi.enabled=always

Host: Intel(R) Core(TM) i3-7100 CPU @ 3.90GHz, 4 cores, 7G,  Windows 10 , 64 bit Build 19041 (10.0.19041.3031)
Time: Sat Jul  1 20:52:38 2023 Hora est. Pacífico, Sudamérica elapsed time: 15.189601 seconds (0d 0h 0m 15s)

---------------  T H R E A D  ---------------

Current thread (0x000001f46ed763c0):  JavaThread "C1 CompilerThread0" daemon [_thread_in_native, id=10424, stack(0x0000002a23300000,0x0000002a23400000)]


Current CompileTask:
C1:  15189 3553       1       java.util.Properties::keySet (12 bytes)

Stack: [0x0000002a23300000,0x0000002a23400000]
Native frames: (J=compiled Java code, j=interpreted, Vv=VM code, C=native code)
V  [jvm.dll+0x6bb95a]
V  [jvm.dll+0x8485fa]
V  [jvm.dll+0x84a1f5]
V  [jvm.dll+0x84a8f3]
V  [jvm.dll+0x280b0f]
V  [jvm.dll+0xc2b11]
V  [jvm.dll+0xc2e35]
V  [jvm.dll+0x1b3308]
V  [jvm.dll+0x166c63]
V  [jvm.dll+0x164669]
V  [jvm.dll+0x162bac]
V  [jvm.dll+0x16b492]
V  [jvm.dll+0x16a925]
V  [jvm.dll+0x162405]
V  [jvm.dll+0x164687]
V  [jvm.dll+0x162ca5]
V  [jvm.dll+0x16b492]
V  [jvm.dll+0x16a925]
V  [jvm.dll+0x162405]
V  [jvm.dll+0x164687]
V  [jvm.dll+0x162ca5]
V  [jvm.dll+0x15cafa]
V  [jvm.dll+0x16c606]
V  [jvm.dll+0x157d40]
V  [jvm.dll+0x1580c3]
V  [jvm.dll+0x158384]
V  [jvm.dll+0x1577c6]
V  [jvm.dll+0x1594fd]
V  [jvm.dll+0x259e1b]
V  [jvm.dll+0x2584f0]
V  [jvm.dll+0x3f2895]
V  [jvm.dll+0x7f4b56]
V  [jvm.dll+0x6ba5cb]
C  [ucrtbase.dll+0x21bb2]
C  [KERNEL32.DLL+0x17614]
C  [ntdll.dll+0x526f1]


---------------  P R O C E S S  ---------------

Threads class SMR info:
_java_thread_list=0x000001f4746fc120, length=21, elements={
0x000001f45ed46e70, 0x000001f46ed6e380, 0x000001f46ed6f720, 0x000001f46ed72d50,
0x000001f46ed74800, 0x000001f46ed75140, 0x000001f46ed75a80, 0x000001f46ed763c0,
0x000001f46ed3ee20, 0x000001f47303a940, 0x000001f473110120, 0x000001f473132f50,
0x000001f4731334b0, 0x000001f4738d3840, 0x000001f473a0e020, 0x000001f473a24d10,
0x000001f473ab3040, 0x000001f474474830, 0x000001f4749bdb10, 0x000001f4749be5b0,
0x000001f4749beb00
}

Java Threads: ( => current thread )
  0x000001f45ed46e70 JavaThread "main" [_thread_in_vm, id=9228, stack(0x0000002a22600000,0x0000002a22700000)]
  0x000001f46ed6e380 JavaThread "Reference Handler" daemon [_thread_blocked, id=15100, stack(0x0000002a22d00000,0x0000002a22e00000)]
  0x000001f46ed6f720 JavaThread "Finalizer" daemon [_thread_blocked, id=2852, stack(0x0000002a22e00000,0x0000002a22f00000)]
  0x000001f46ed72d50 JavaThread "Signal Dispatcher" daemon [_thread_blocked, id=9744, stack(0x0000002a22f00000,0x0000002a23000000)]
  0x000001f46ed74800 JavaThread "Attach Listener" daemon [_thread_blocked, id=12976, stack(0x0000002a23000000,0x0000002a23100000)]
  0x000001f46ed75140 JavaThread "Service Thread" daemon [_thread_blocked, id=5348, stack(0x0000002a23100000,0x0000002a23200000)]
  0x000001f46ed75a80 JavaThread "Monitor Deflation Thread" daemon [_thread_blocked, id=6772, stack(0x0000002a23200000,0x0000002a23300000)]
=>0x000001f46ed763c0 JavaThread "C1 CompilerThread0" daemon [_thread_in_native, id=10424, stack(0x0000002a23300000,0x0000002a23400000)]
  0x000001f46ed3ee20 JavaThread "Common-Cleaner" daemon [_thread_blocked, id=15840, stack(0x0000002a23400000,0x0000002a23500000)]
  0x000001f47303a940 JavaThread "C1 CompilerThread1" daemon [_thread_blocked, id=1424, stack(0x0000002a23500000,0x0000002a23600000)]
  0x000001f473110120 JavaThread "JDWP Transport Listener: dt_socket" daemon [_thread_blocked, id=3636, stack(0x0000002a23700000,0x0000002a23800000)]
  0x000001f473132f50 JavaThread "JDWP Event Helper Thread" daemon [_thread_blocked, id=12380, stack(0x0000002a23800000,0x0000002a23900000)]
  0x000001f4731334b0 JavaThread "JDWP Command Reader" daemon [_thread_in_native, id=3824, stack(0x0000002a23900000,0x0000002a23a00000)]
  0x000001f4738d3840 JavaThread "Notification Thread" daemon [_thread_blocked, id=14496, stack(0x0000002a23600000,0x0000002a23700000)]
  0x000001f473a0e020 JavaThread "RMI TCP Accept-0" daemon [_thread_in_native, id=6548, stack(0x0000002a23d00000,0x0000002a23e00000)]
  0x000001f473a24d10 JavaThread "RMI TCP Accept-51168" daemon [_thread_in_native, id=12888, stack(0x0000002a23e00000,0x0000002a23f00000)]
  0x000001f473ab3040 JavaThread "RMI TCP Accept-0" daemon [_thread_in_native, id=16576, stack(0x0000002a23f00000,0x0000002a24000000)]
  0x000001f474474830 JavaThread "C1 CompilerThread2" daemon [_thread_in_native, id=11708, stack(0x0000002a24200000,0x0000002a24300000)]
  0x000001f4749bdb10 JavaThread "RMI TCP Connection(1)-127.0.0.1" daemon [_thread_in_native, id=11744, stack(0x0000002a24100000,0x0000002a24200000)]
  0x000001f4749be5b0 JavaThread "RMI Scheduler(0)" daemon [_thread_blocked, id=8388, stack(0x0000002a24300000,0x0000002a24400000)]
  0x000001f4749beb00 JavaThread "RMI TCP Connection(2)-127.0.0.1" daemon [_thread_in_vm, id=16736, stack(0x0000002a24400000,0x0000002a24500000)]

Other Threads:
  0x000001f46ed522b0 VMThread "VM Thread" [stack: 0x0000002a22c00000,0x0000002a22d00000] [id=5452]
  0x000001f473ab4380 WatcherThread "VM Periodic Task Thread" [stack: 0x0000002a24000000,0x0000002a24100000] [id=3288]
  0x000001f45ed9d020 WorkerThread "GC Thread#0" [stack: 0x0000002a22700000,0x0000002a22800000] [id=5100]
  0x000001f4739731a0 WorkerThread "GC Thread#1" [stack: 0x0000002a23a00000,0x0000002a23b00000] [id=3996]
  0x000001f473973470 WorkerThread "GC Thread#2" [stack: 0x0000002a23b00000,0x0000002a23c00000] [id=16420]
  0x000001f47398dea0 WorkerThread "GC Thread#3" [stack: 0x0000002a23c00000,0x0000002a23d00000] [id=7160]
  0x000001f45edadcf0 ConcurrentGCThread "G1 Main Marker" [stack: 0x0000002a22800000,0x0000002a22900000] [id=2948]
  0x000001f45edae720 WorkerThread "G1 Conc#0" [stack: 0x0000002a22900000,0x0000002a22a00000] [id=3592]
  0x000001f45edee900 ConcurrentGCThread "G1 Refine#0" [stack: 0x0000002a22a00000,0x0000002a22b00000] [id=13860]
  0x000001f46ec02540 ConcurrentGCThread "G1 Service" [stack: 0x0000002a22b00000,0x0000002a22c00000] [id=14632]

Threads with active compile tasks:
C1 CompilerThread0    15253 3553       1       java.util.Properties::keySet (12 bytes)
C1 CompilerThread2    15253 3552   !   1       org.springframework.core.env.PropertiesPropertySource::getPropertyNames (22 bytes)

VM state: not at safepoint (normal execution)

VM Mutex/Monitor currently owned by a thread:  ([mutex/lock_event])
[0x000001f45ed3f8a0] Metaspace_lock - owner thread: 0x000001f45ed46e70

Heap address: 0x0000000081200000, size: 2030 MB, Compressed Oops mode: 32-bit

CDS archive(s) mapped at: [0x0000000800000000-0x0000000800c60000-0x0000000800c60000), size 12976128, SharedBaseAddress: 0x0000000800000000, ArchiveRelocationMode: 0.
Compressed class space mapped at: 0x0000000801000000-0x0000000841000000, reserved size: 1073741824
Narrow klass base: 0x0000000800000000, Narrow klass shift: 0, Narrow klass range: 0x100000000

GC Precious Log:
 CardTable entry size: 512
 Card Set container configuration: InlinePtr #cards 5 size 8 Array Of Cards #cards 12 size 40 Howl #buckets 4 coarsen threshold 1843 Howl Bitmap #cards 512 size 80 coarsen threshold 460 Card regions per heap region 1 cards per card region 2048
 CPUs: 4 total, 4 available
 Memory: 8119M
 Large Page Support: Disabled
 NUMA Support: Disabled
 Compressed Oops: Enabled (32-bit)
 Heap Region Size: 1M
 Heap Min Capacity: 8M
 Heap Initial Capacity: 128M
 Heap Max Capacity: 2030M
 Pre-touch: Disabled
 Parallel Workers: 4
 Concurrent Workers: 1
 Concurrent Refinement Workers: 4
 Periodic GC: Disabled

Heap:
 garbage-first heap   total 51200K, used 33093K [0x0000000081200000, 0x0000000100000000)
  region size 1024K, 24 young (24576K), 3 survivors (3072K)
 Metaspace       used 26019K, committed 26432K, reserved 1114112K
  class space    used 3416K, committed 3584K, reserved 1048576K

Heap Regions: E=young(eden), S=young(survivor), O=old, HS=humongous(starts), HC=humongous(continues), CS=collection set, F=free, OA=open archive, CA=closed archive, TAMS=top-at-mark-start, PB=parsable bottom
|   0|0x0000000081200000, 0x0000000081300000, 0x0000000081300000|100%|HS|  |TAMS 0x0000000081200000| PB 0x0000000081200000| Complete 
|   1|0x0000000081300000, 0x0000000081400000, 0x0000000081400000|100%| O|  |TAMS 0x0000000081300000| PB 0x0000000081300000| Untracked 
|   2|0x0000000081400000, 0x0000000081500000, 0x0000000081500000|100%| O|  |TAMS 0x0000000081400000| PB 0x0000000081400000| Untracked 
|   3|0x0000000081500000, 0x0000000081600000, 0x0000000081600000|100%| O|  |TAMS 0x0000000081500000| PB 0x0000000081500000| Untracked 
|   4|0x0000000081600000, 0x0000000081700000, 0x0000000081700000|100%| O|  |TAMS 0x0000000081600000| PB 0x0000000081600000| Untracked 
|   5|0x0000000081700000, 0x00000000817f0800, 0x0000000081800000| 93%| O|  |TAMS 0x0000000081700000| PB 0x0000000081700000| Untracked 
|   6|0x0000000081800000, 0x0000000081900000, 0x0000000081900000|100%| O|  |TAMS 0x0000000081800000| PB 0x0000000081800000| Untracked 
|   7|0x0000000081900000, 0x0000000081a00000, 0x0000000081a00000|100%| O|  |TAMS 0x0000000081900000| PB 0x0000000081900000| Untracked 
|   8|0x0000000081a00000, 0x0000000081b00000, 0x0000000081b00000|100%| O|  |TAMS 0x0000000081a00000| PB 0x0000000081a00000| Untracked 
|   9|0x0000000081b00000, 0x0000000081c00000, 0x0000000081c00000|100%| O|  |TAMS 0x0000000081b00000| PB 0x0000000081b00000| Untracked 
|  10|0x0000000081c00000, 0x0000000081c60c00, 0x0000000081d00000| 37%| O|  |TAMS 0x0000000081c00000| PB 0x0000000081c00000| Untracked 
|  11|0x0000000081d00000, 0x0000000081d00000, 0x0000000081e00000|  0%| F|  |TAMS 0x0000000081d00000| PB 0x0000000081d00000| Untracked 
|  12|0x0000000081e00000, 0x0000000081e00000, 0x0000000081f00000|  0%| F|  |TAMS 0x0000000081e00000| PB 0x0000000081e00000| Untracked 
|  13|0x0000000081f00000, 0x0000000081f00000, 0x0000000082000000|  0%| F|  |TAMS 0x0000000081f00000| PB 0x0000000081f00000| Untracked 
|  14|0x0000000082000000, 0x0000000082000000, 0x0000000082100000|  0%| F|  |TAMS 0x0000000082000000| PB 0x0000000082000000| Untracked 
|  15|0x0000000082100000, 0x0000000082100000, 0x0000000082200000|  0%| F|  |TAMS 0x0000000082100000| PB 0x0000000082100000| Untracked 
|  16|0x0000000082200000, 0x0000000082200000, 0x0000000082300000|  0%| F|  |TAMS 0x0000000082200000| PB 0x0000000082200000| Untracked 
|  17|0x0000000082300000, 0x0000000082300000, 0x0000000082400000|  0%| F|  |TAMS 0x0000000082300000| PB 0x0000000082300000| Untracked 
|  18|0x0000000082400000, 0x0000000082400000, 0x0000000082500000|  0%| F|  |TAMS 0x0000000082400000| PB 0x0000000082400000| Untracked 
|  19|0x0000000082500000, 0x0000000082500000, 0x0000000082600000|  0%| F|  |TAMS 0x0000000082500000| PB 0x0000000082500000| Untracked 
|  20|0x0000000082600000, 0x0000000082700000, 0x0000000082700000|100%| S|CS|TAMS 0x0000000082600000| PB 0x0000000082600000| Complete 
|  21|0x0000000082700000, 0x0000000082800000, 0x0000000082800000|100%| S|CS|TAMS 0x0000000082700000| PB 0x0000000082700000| Complete 
|  22|0x0000000082800000, 0x0000000082900000, 0x0000000082900000|100%| S|CS|TAMS 0x0000000082800000| PB 0x0000000082800000| Complete 
|  23|0x0000000082900000, 0x0000000082900000, 0x0000000082a00000|  0%| F|  |TAMS 0x0000000082900000| PB 0x0000000082900000| Untracked 
|  24|0x0000000082a00000, 0x0000000082a00000, 0x0000000082b00000|  0%| F|  |TAMS 0x0000000082a00000| PB 0x0000000082a00000| Untracked 
|  25|0x0000000082b00000, 0x0000000082b00000, 0x0000000082c00000|  0%| F|  |TAMS 0x0000000082b00000| PB 0x0000000082b00000| Untracked 
|  26|0x0000000082c00000, 0x0000000082c00000, 0x0000000082d00000|  0%| F|  |TAMS 0x0000000082c00000| PB 0x0000000082c00000| Untracked 
|  27|0x0000000082d00000, 0x0000000082d00000, 0x0000000082e00000|  0%| F|  |TAMS 0x0000000082d00000| PB 0x0000000082d00000| Untracked 
|  28|0x0000000082e00000, 0x0000000082e00000, 0x0000000082f00000|  0%| F|  |TAMS 0x0000000082e00000| PB 0x0000000082e00000| Untracked 
|  29|0x0000000082f00000, 0x0000000082f1e268, 0x0000000083000000| 11%| E|  |TAMS 0x0000000082f00000| PB 0x0000000082f00000| Complete 
|  30|0x0000000083000000, 0x0000000083100000, 0x0000000083100000|100%| E|CS|TAMS 0x0000000083000000| PB 0x0000000083000000| Complete 
|  31|0x0000000083100000, 0x0000000083200000, 0x0000000083200000|100%| E|CS|TAMS 0x0000000083100000| PB 0x0000000083100000| Complete 
|  32|0x0000000083200000, 0x0000000083300000, 0x0000000083300000|100%| E|CS|TAMS 0x0000000083200000| PB 0x0000000083200000| Complete 
|  33|0x0000000083300000, 0x0000000083400000, 0x0000000083400000|100%| E|CS|TAMS 0x0000000083300000| PB 0x0000000083300000| Complete 
|  34|0x0000000083400000, 0x0000000083500000, 0x0000000083500000|100%| E|CS|TAMS 0x0000000083400000| PB 0x0000000083400000| Complete 
|  35|0x0000000083500000, 0x0000000083600000, 0x0000000083600000|100%| E|CS|TAMS 0x0000000083500000| PB 0x0000000083500000| Complete 
|  36|0x0000000083600000, 0x0000000083700000, 0x0000000083700000|100%| E|  |TAMS 0x0000000083600000| PB 0x0000000083600000| Complete 
|  37|0x0000000083700000, 0x0000000083800000, 0x0000000083800000|100%| E|CS|TAMS 0x0000000083700000| PB 0x0000000083700000| Complete 
|  38|0x0000000083800000, 0x0000000083900000, 0x0000000083900000|100%| E|CS|TAMS 0x0000000083800000| PB 0x0000000083800000| Complete 
|  39|0x0000000083900000, 0x0000000083a00000, 0x0000000083a00000|100%| E|CS|TAMS 0x0000000083900000| PB 0x0000000083900000| Complete 
|  40|0x0000000083a00000, 0x0000000083b00000, 0x0000000083b00000|100%| E|CS|TAMS 0x0000000083a00000| PB 0x0000000083a00000| Complete 
|  89|0x0000000086b00000, 0x0000000086c00000, 0x0000000086c00000|100%| E|CS|TAMS 0x0000000086b00000| PB 0x0000000086b00000| Complete 
|  90|0x0000000086c00000, 0x0000000086d00000, 0x0000000086d00000|100%| E|CS|TAMS 0x0000000086c00000| PB 0x0000000086c00000| Complete 
|  91|0x0000000086d00000, 0x0000000086e00000, 0x0000000086e00000|100%| E|CS|TAMS 0x0000000086d00000| PB 0x0000000086d00000| Complete 
|  92|0x0000000086e00000, 0x0000000086f00000, 0x0000000086f00000|100%| E|CS|TAMS 0x0000000086e00000| PB 0x0000000086e00000| Complete 
|  93|0x0000000086f00000, 0x0000000087000000, 0x0000000087000000|100%| E|CS|TAMS 0x0000000086f00000| PB 0x0000000086f00000| Complete 
|  94|0x0000000087000000, 0x0000000087100000, 0x0000000087100000|100%| E|CS|TAMS 0x0000000087000000| PB 0x0000000087000000| Complete 
|  95|0x0000000087100000, 0x0000000087200000, 0x0000000087200000|100%| E|CS|TAMS 0x0000000087100000| PB 0x0000000087100000| Complete 
| 126|0x0000000089000000, 0x0000000089100000, 0x0000000089100000|100%| E|CS|TAMS 0x0000000089000000| PB 0x0000000089000000| Complete 
| 127|0x0000000089100000, 0x0000000089200000, 0x0000000089200000|100%| E|CS|TAMS 0x0000000089100000| PB 0x0000000089100000| Complete 

Card table byte_map: [0x000001f46a1e0000,0x000001f46a5e0000] _byte_map_base: 0x000001f469dd7000

Marking Bits: (CMBitMap*) 0x000001f45ed9d650
 Bits: [0x000001f46a9e0000, 0x000001f46c998000)

Polling page: 0x000001f45cd10000

Metaspace:

Usage:
  Non-class:     22.07 MB used.
      Class:      3.34 MB used.
       Both:     25.41 MB used.

Virtual space:
  Non-class space:       64.00 MB reserved,      22.31 MB ( 35%) committed,  1 nodes.
      Class space:        1.00 GB reserved,       3.50 MB ( <1%) committed,  1 nodes.
             Both:        1.06 GB reserved,      25.81 MB (  2%) committed. 

Chunk freelists:
   Non-Class:  1.05 MB
       Class:  411.00 KB
        Both:  1.45 MB

MaxMetaspaceSize: unlimited
CompressedClassSpaceSize: 1.00 GB
Initial GC threshold: 21.00 MB
Current GC threshold: 33.88 MB
CDS: on
MetaspaceReclaimPolicy: balanced
 - commit_granule_bytes: 65536.
 - commit_granule_words: 8192.
 - virtual_space_node_default_size: 8388608.
 - enlarge_chunks_in_place: 1.
 - new_chunks_are_fully_committed: 0.
 - uncommit_free_chunks: 1.
 - use_allocation_guard: 0.


Internal statistics:

num_allocs_failed_limit: 0.
num_arena_births: 510.
num_arena_deaths: 0.
num_vsnodes_births: 2.
num_vsnodes_deaths: 0.
num_space_committed: 413.
num_space_uncommitted: 0.
num_chunks_returned_to_freelist: 0.
num_chunks_taken_from_freelist: 1312.
num_chunk_merges: 0.
num_chunk_splits: 910.
num_chunks_enlarged: 657.
num_inconsistent_stats: 0.

CodeCache: size=49152Kb used=8642Kb max_used=8642Kb free=40509Kb
 bounds [0x000001f466de0000, 0x000001f467660000, 0x000001f469de0000]
 total_blobs=4094 nmethods=3575 adapters=441
 compilation: enabled
              stopped_count=0, restarted_count=0
 full_count=0

Compilation events (20 events):
Event: 15.112 Thread 0x000001f474474830 nmethod 3542 0x000001f467642a10 code [0x000001f467642ba0, 0x000001f467642c98]
Event: 15.112 Thread 0x000001f474474830 3543       1       java.lang.Thread::isSupportedClassLoader (28 bytes)
Event: 15.112 Thread 0x000001f46ed763c0 3544       1       java.util.concurrent.ConcurrentHashMap::tableSizeFor (32 bytes)
Event: 15.112 Thread 0x000001f47303a940 3545       1       java.util.concurrent.ConcurrentHashMap::<init> (73 bytes)
Event: 15.112 Thread 0x000001f46ed763c0 nmethod 3544 0x000001f467642d10 code [0x000001f467642ea0, 0x000001f467642fd8]
Event: 15.112 Thread 0x000001f474474830 nmethod 3543 0x000001f467643090 code [0x000001f467643220, 0x000001f4676433e8]
Event: 15.112 Thread 0x000001f47303a940 nmethod 3545 0x000001f467643490 code [0x000001f467643660, 0x000001f4676438d0]
Event: 15.185 Thread 0x000001f47303a940 3546       1       java.util.concurrent.ConcurrentHashMap::keySet (26 bytes)
Event: 15.185 Thread 0x000001f47303a940 nmethod 3546 0x000001f467643a10 code [0x000001f467643ba0, 0x000001f467643db8]
Event: 15.186 Thread 0x000001f474474830 3547       1       java.util.Collections$SynchronizedCollection::<init> (24 bytes)
Event: 15.187 Thread 0x000001f474474830 nmethod 3547 0x000001f467643e90 code [0x000001f467644040, 0x000001f467644360]
Event: 15.187 Thread 0x000001f47303a940 3548       1       java.util.Collections::synchronizedSet (10 bytes)
Event: 15.187 Thread 0x000001f474474830 3549       1       java.util.Collections$SynchronizedSet::<init> (7 bytes)
Event: 15.187 Thread 0x000001f47303a940 nmethod 3548 0x000001f467644490 code [0x000001f467644640, 0x000001f4676449c0]
Event: 15.187 Thread 0x000001f474474830 nmethod 3549 0x000001f467644b90 code [0x000001f467644d40, 0x000001f467645070]
Event: 15.187 Thread 0x000001f47303a940 3550       1       org.springframework.core.MethodParameter::validateIndex (31 bytes)
Event: 15.187 Thread 0x000001f474474830 3551       1       org.springframework.core.MethodParameter$$Lambda$255/0x0000000801176140::<init> (10 bytes)
Event: 15.187 Thread 0x000001f474474830 nmethod 3551 0x000001f467645210 code [0x000001f467645380, 0x000001f467645448]
Event: 15.188 Thread 0x000001f474474830 3552   !   1       org.springframework.core.env.PropertiesPropertySource::getPropertyNames (22 bytes)
Event: 15.188 Thread 0x000001f46ed763c0 3553       1       java.util.Properties::keySet (12 bytes)

GC Heap History (14 events):
Event: 9.154 GC heap before
{Heap before GC invocations=0 (full 0):
 garbage-first heap   total 131072K, used 13312K [0x0000000081200000, 0x0000000100000000)
  region size 1024K, 13 young (13312K), 0 survivors (0K)
 Metaspace       used 4645K, committed 4864K, reserved 1114112K
  class space    used 513K, committed 640K, reserved 1048576K
}
Event: 9.165 GC heap after
{Heap after GC invocations=1 (full 0):
 garbage-first heap   total 131072K, used 6272K [0x0000000081200000, 0x0000000100000000)
  region size 1024K, 2 young (2048K), 2 survivors (2048K)
 Metaspace       used 4645K, committed 4864K, reserved 1114112K
  class space    used 513K, committed 640K, reserved 1048576K
}
Event: 9.989 GC heap before
{Heap before GC invocations=1 (full 0):
 garbage-first heap   total 131072K, used 19584K [0x0000000081200000, 0x0000000100000000)
  region size 1024K, 15 young (15360K), 2 survivors (2048K)
 Metaspace       used 7562K, committed 7808K, reserved 1114112K
  class space    used 844K, committed 960K, reserved 1048576K
}
Event: 9.992 GC heap after
{Heap after GC invocations=2 (full 0):
 garbage-first heap   total 131072K, used 7106K [0x0000000081200000, 0x0000000100000000)
  region size 1024K, 1 young (1024K), 1 survivors (1024K)
 Metaspace       used 7562K, committed 7808K, reserved 1114112K
  class space    used 844K, committed 960K, reserved 1048576K
}
Event: 10.939 GC heap before
{Heap before GC invocations=2 (full 0):
 garbage-first heap   total 131072K, used 46018K [0x0000000081200000, 0x0000000100000000)
  region size 1024K, 39 young (39936K), 1 survivors (1024K)
 Metaspace       used 11377K, committed 11648K, reserved 1114112K
  class space    used 1412K, committed 1536K, reserved 1048576K
}
Event: 10.943 GC heap after
{Heap after GC invocations=3 (full 0):
 garbage-first heap   total 131072K, used 8810K [0x0000000081200000, 0x0000000100000000)
  region size 1024K, 3 young (3072K), 3 survivors (3072K)
 Metaspace       used 11377K, committed 11648K, reserved 1114112K
  class space    used 1412K, committed 1536K, reserved 1048576K
}
Event: 11.877 GC heap before
{Heap before GC invocations=3 (full 0):
 garbage-first heap   total 131072K, used 82538K [0x0000000081200000, 0x0000000100000000)
  region size 1024K, 76 young (77824K), 3 survivors (3072K)
 Metaspace       used 18455K, committed 18752K, reserved 1114112K
  class space    used 2277K, committed 2368K, reserved 1048576K
}
Event: 11.883 GC heap after
{Heap after GC invocations=4 (full 0):
 garbage-first heap   total 131072K, used 11029K [0x0000000081200000, 0x0000000100000000)
  region size 1024K, 5 young (5120K), 5 survivors (5120K)
 Metaspace       used 18455K, committed 18752K, reserved 1114112K
  class space    used 2277K, committed 2368K, reserved 1048576K
}
Event: 12.504 GC heap before
{Heap before GC invocations=4 (full 0):
 garbage-first heap   total 131072K, used 41749K [0x0000000081200000, 0x0000000100000000)
  region size 1024K, 37 young (37888K), 5 survivors (5120K)
 Metaspace       used 20418K, committed 20736K, reserved 1114112K
  class space    used 2567K, committed 2688K, reserved 1048576K
}
Event: 12.510 GC heap after
{Heap after GC invocations=5 (full 0):
 garbage-first heap   total 131072K, used 12488K [0x0000000081200000, 0x0000000100000000)
  region size 1024K, 7 young (7168K), 7 survivors (7168K)
 Metaspace       used 20418K, committed 20736K, reserved 1114112K
  class space    used 2567K, committed 2688K, reserved 1048576K
}
Event: 13.488 GC heap before
{Heap before GC invocations=6 (full 0):
 garbage-first heap   total 51200K, used 36040K [0x0000000081200000, 0x0000000100000000)
  region size 1024K, 30 young (30720K), 7 survivors (7168K)
 Metaspace       used 21766K, committed 22080K, reserved 1114112K
  class space    used 2773K, committed 2880K, reserved 1048576K
}
Event: 13.501 GC heap after
{Heap after GC invocations=7 (full 0):
 garbage-first heap   total 51200K, used 13125K [0x0000000081200000, 0x0000000100000000)
  region size 1024K, 3 young (3072K), 3 survivors (3072K)
 Metaspace       used 21766K, committed 22080K, reserved 1114112K
  class space    used 2773K, committed 2880K, reserved 1048576K
}
Event: 14.194 GC heap before
{Heap before GC invocations=7 (full 0):
 garbage-first heap   total 51200K, used 40773K [0x0000000081200000, 0x0000000100000000)
  region size 1024K, 30 young (30720K), 3 survivors (3072K)
 Metaspace       used 24024K, committed 24448K, reserved 1114112K
  class space    used 3112K, committed 3328K, reserved 1048576K
}
Event: 14.200 GC heap after
{Heap after GC invocations=8 (full 0):
 garbage-first heap   total 51200K, used 13637K [0x0000000081200000, 0x0000000100000000)
  region size 1024K, 3 young (3072K), 3 survivors (3072K)
 Metaspace       used 24024K, committed 24448K, reserved 1114112K
  class space    used 3112K, committed 3328K, reserved 1048576K
}

Dll operation events (12 events):
Event: 0.023 Loaded shared library C:\Program Files\Java\jdk-20\bin\java.dll
Event: 0.040 Loaded shared library C:\Program Files\Java\jdk-20\bin\jsvml.dll
Event: 8.336 Loaded shared library C:\Program Files\Java\jdk-20\bin\zip.dll
Event: 8.339 Loaded shared library C:\Program Files\Java\jdk-20\bin\instrument.dll
Event: 8.347 Loaded shared library C:\Program Files\Java\jdk-20\bin\net.dll
Event: 8.348 Loaded shared library C:\Program Files\Java\jdk-20\bin\nio.dll
Event: 8.352 Loaded shared library C:\Program Files\Java\jdk-20\bin\zip.dll
Event: 8.685 Loaded shared library C:\Program Files\Java\jdk-20\bin\jimage.dll
Event: 8.819 Loaded shared library C:\Program Files\Java\jdk-20\bin\management.dll
Event: 8.863 Loaded shared library C:\Program Files\Java\jdk-20\bin\management_ext.dll
Event: 9.615 Loaded shared library C:\Program Files\Java\jdk-20\bin\extnet.dll
Event: 9.671 Loaded shared library C:\Program Files\Java\jdk-20\bin\verify.dll

Deoptimization events (20 events):
Event: 14.476 Thread 0x000001f45ed46e70 DEOPT PACKING pc=0x000001f46758a65c sp=0x0000002a226fe7e0
Event: 14.476 Thread 0x000001f45ed46e70 DEOPT UNPACKING pc=0x000001f466e4a4c2 sp=0x0000002a226fdd58 mode 1
Event: 14.477 Thread 0x000001f45ed46e70 DEOPT PACKING pc=0x000001f46758a65c sp=0x0000002a226fe7e0
Event: 14.477 Thread 0x000001f45ed46e70 DEOPT UNPACKING pc=0x000001f466e4a4c2 sp=0x0000002a226fdd58 mode 1
Event: 14.538 Thread 0x000001f45ed46e70 DEOPT PACKING pc=0x000001f4671ee949 sp=0x0000002a226fd220
Event: 14.538 Thread 0x000001f45ed46e70 DEOPT UNPACKING pc=0x000001f466e4a4c2 sp=0x0000002a226fc678 mode 1
Event: 14.538 Thread 0x000001f45ed46e70 DEOPT PACKING pc=0x000001f4671e4a8c sp=0x0000002a226fd2b0
Event: 14.538 Thread 0x000001f45ed46e70 DEOPT UNPACKING pc=0x000001f466e4a4c2 sp=0x0000002a226fc768 mode 1
Event: 14.541 Thread 0x000001f45ed46e70 DEOPT PACKING pc=0x000001f4671ee949 sp=0x0000002a226fd2e0
Event: 14.541 Thread 0x000001f45ed46e70 DEOPT UNPACKING pc=0x000001f466e4a4c2 sp=0x0000002a226fc738 mode 1
Event: 14.541 Thread 0x000001f45ed46e70 DEOPT PACKING pc=0x000001f4671e4a8c sp=0x0000002a226fd370
Event: 14.541 Thread 0x000001f45ed46e70 DEOPT UNPACKING pc=0x000001f466e4a4c2 sp=0x0000002a226fc828 mode 1
Event: 14.541 Thread 0x000001f45ed46e70 DEOPT PACKING pc=0x000001f4671ee949 sp=0x0000002a226fd3b0
Event: 14.541 Thread 0x000001f45ed46e70 DEOPT UNPACKING pc=0x000001f466e4a4c2 sp=0x0000002a226fc808 mode 1
Event: 14.541 Thread 0x000001f45ed46e70 DEOPT PACKING pc=0x000001f4671e4a8c sp=0x0000002a226fd440
Event: 14.541 Thread 0x000001f45ed46e70 DEOPT UNPACKING pc=0x000001f466e4a4c2 sp=0x0000002a226fc8f8 mode 1
Event: 14.785 Thread 0x000001f45ed46e70 DEOPT PACKING pc=0x000001f46758a65c sp=0x0000002a226fddd0
Event: 14.785 Thread 0x000001f45ed46e70 DEOPT UNPACKING pc=0x000001f466e4a4c2 sp=0x0000002a226fd348 mode 1
Event: 14.786 Thread 0x000001f45ed46e70 DEOPT PACKING pc=0x000001f46758a65c sp=0x0000002a226fddd0
Event: 14.786 Thread 0x000001f45ed46e70 DEOPT UNPACKING pc=0x000001f466e4a4c2 sp=0x0000002a226fd348 mode 1

Classes loaded (20 events):
Event: 14.943 Loading class java/rmi/server/RMIClassLoader$1
Event: 14.943 Loading class java/rmi/server/RMIClassLoader$1 done
Event: 15.059 Loading class sun/rmi/server/LoaderHandler
Event: 15.059 Loading class sun/rmi/server/LoaderHandler done
Event: 15.060 Loading class sun/rmi/transport/DGCAckHandler
Event: 15.061 Loading class sun/rmi/transport/DGCAckHandler done
Event: 15.061 Loading class sun/rmi/transport/DGCAckHandler$1
Event: 15.061 Loading class sun/rmi/transport/DGCAckHandler$1 done
Event: 15.061 Loading class java/util/concurrent/ScheduledThreadPoolExecutor$ScheduledFutureTask
Event: 15.062 Loading class java/util/concurrent/ScheduledThreadPoolExecutor$ScheduledFutureTask done
Event: 15.062 Loading class java/util/concurrent/Executors$RunnableAdapter
Event: 15.062 Loading class java/util/concurrent/Executors$RunnableAdapter done
Event: 15.107 Loading class java/beans/Introspector
Event: 15.107 Loading class java/beans/Introspector done
Event: 15.107 Loading class java/beans/EventSetDescriptor
Event: 15.107 Loading class java/beans/EventSetDescriptor done
Event: 15.108 Loading class java/beans/Introspector$1
Event: 15.108 Loading class jdk/internal/access/JavaBeansAccess
Event: 15.108 Loading class jdk/internal/access/JavaBeansAccess done
Event: 15.108 Loading class java/beans/Introspector$1 done

Classes unloaded (0 events):
No events

Classes redefined (0 events):
No events

Internal exceptions (20 events):
Event: 14.080 Thread 0x000001f45ed46e70 Exception <a 'java/lang/NoSuchMethodError'{0x0000000082e793b8}: 'int java.lang.invoke.Invokers$Holder.linkToTargetMethod(java.lang.Object, java.lang.Object)'> (0x0000000082e793b8) 
thrown [s\open\src\hotspot\share\interpreter\linkResolver.cpp, line 773]
Event: 14.098 Thread 0x000001f45ed46e70 Exception <a 'java/lang/NoSuchMethodError'{0x0000000082c0acd8}: 'java.lang.Object java.lang.invoke.Invokers$Holder.invoke_MT(java.lang.Object, java.lang.Object, java.lang.Object, java.lang.Object, java.lang.Object, java.lang.Object, java.lang.Object, java.lang.Object, java.lang.Object, java.lang.Object)'> (0x0000000082c0acd8) 
thrown [s\open\src\hotspot\share\interpreter\linkResolver.cpp, line 773]
Event: 14.109 Thread 0x000001f45ed46e70 Exception <a 'java/lang/NoSuchMethodError'{0x0000000082c5ae78}: 'java.lang.Object java.lang.invoke.DirectMethodHandle$Holder.invokeSpecial(java.lang.Object, java.lang.Object, int, java.lang.Object, java.lang.Object)'> (0x0000000082c5ae78) 
thrown [s\open\src\hotspot\share\interpreter\linkResolver.cpp, line 773]
Event: 14.110 Thread 0x000001f45ed46e70 Exception <a 'java/lang/NoSuchMethodError'{0x0000000082c5e8a8}: 'java.lang.Object java.lang.invoke.DelegatingMethodHandle$Holder.delegate(java.lang.Object, int, java.lang.Object, java.lang.Object)'> (0x0000000082c5e8a8) 
thrown [s\open\src\hotspot\share\interpreter\linkResolver.cpp, line 773]
Event: 14.111 Thread 0x000001f45ed46e70 Exception <a 'java/lang/NoSuchMethodError'{0x0000000082c6eb20}: 'int java.lang.invoke.Invokers$Holder.linkToTargetMethod(java.lang.Object, java.lang.Object, java.lang.Object)'> (0x0000000082c6eb20) 
thrown [s\open\src\hotspot\share\interpreter\linkResolver.cpp, line 773]
Event: 14.135 Thread 0x000001f45ed46e70 Exception <a 'java/lang/NoSuchMethodError'{0x0000000082bfb450}: 'void java.lang.invoke.Invokers$Holder.invokeExact_MT(java.lang.Object, java.lang.Object, java.lang.Object)'> (0x0000000082bfb450) 
thrown [s\open\src\hotspot\share\interpreter\linkResolver.cpp, line 773]
Event: 14.164 Thread 0x000001f45ed46e70 Exception <a 'java/lang/NoClassDefFoundError'{0x0000000082ae8bb8}: org/flywaydb/core/Flyway> (0x0000000082ae8bb8) 
thrown [s\open\src\hotspot\share\classfile\systemDictionary.cpp, line 294]
Event: 14.165 Thread 0x000001f45ed46e70 Exception <a 'java/lang/NoClassDefFoundError'{0x0000000082aea5d8}: liquibase/integration/spring/SpringLiquibase> (0x0000000082aea5d8) 
thrown [s\open\src\hotspot\share\classfile\systemDictionary.cpp, line 294]
Event: 14.223 Thread 0x000001f45ed46e70 Exception <a 'java/lang/NoClassDefFoundError'{0x0000000089054748}: org/jooq/DSLContext> (0x0000000089054748) 
thrown [s\open\src\hotspot\share\classfile\systemDictionary.cpp, line 294]
Event: 14.224 Thread 0x000001f45ed46e70 Exception <a 'java/lang/NoClassDefFoundError'{0x0000000089060018}: org/springframework/batch/core/repository/JobRepository> (0x0000000089060018) 
thrown [s\open\src\hotspot\share\classfile\systemDictionary.cpp, line 294]
Event: 14.224 Thread 0x000001f45ed46e70 Exception <a 'java/lang/NoClassDefFoundError'{0x0000000089061808}: org/quartz/Scheduler> (0x0000000089061808) 
thrown [s\open\src\hotspot\share\classfile\systemDictionary.cpp, line 294]
Event: 14.224 Thread 0x000001f45ed46e70 Exception <a 'java/lang/NoClassDefFoundError'{0x0000000089063438}: org/springframework/session/jdbc/JdbcIndexedSessionRepository> (0x0000000089063438) 
thrown [s\open\src\hotspot\share\classfile\systemDictionary.cpp, line 294]
Event: 14.282 Thread 0x000001f45ed46e70 Exception <a 'java/lang/NoSuchMethodError'{0x0000000087083288}: 'void java.lang.invoke.DirectMethodHandle$Holder.invokeSpecial(java.lang.Object, java.lang.Object, java.lang.Object, java.lang.Object, java.lang.Object, java.lang.Object)'> (0x0000000087083288) 
thrown [s\open\src\hotspot\share\interpreter\linkResolver.cpp, line 773]
Event: 14.291 Thread 0x000001f45ed46e70 Exception <a 'java/lang/NoSuchMethodError'{0x00000000870c9a60}: 'void java.lang.invoke.DirectMethodHandle$Holder.invokeVirtual(java.lang.Object, java.lang.Object, int)'> (0x00000000870c9a60) 
thrown [s\open\src\hotspot\share\interpreter\linkResolver.cpp, line 773]
Event: 14.292 Thread 0x000001f45ed46e70 Exception <a 'java/lang/NoSuchMethodError'{0x00000000870cd9a8}: 'int java.lang.invoke.DirectMethodHandle$Holder.invokeSpecial(java.lang.Object, java.lang.Object, java.lang.Object, int)'> (0x00000000870cd9a8) 
thrown [s\open\src\hotspot\share\interpreter\linkResolver.cpp, line 773]
Event: 14.293 Thread 0x000001f45ed46e70 Exception <a 'java/lang/NoSuchMethodError'{0x00000000870e1900}: 'java.lang.Object java.lang.invoke.DirectMethodHandle$Holder.invokeStatic(java.lang.Object, java.lang.Object, java.lang.Object, java.lang.Object, int)'> (0x00000000870e1900) 
thrown [s\open\src\hotspot\share\interpreter\linkResolver.cpp, line 773]
Event: 14.294 Thread 0x000001f45ed46e70 Exception <a 'java/lang/NoSuchMethodError'{0x00000000870ebfb8}: 'void java.lang.invoke.DelegatingMethodHandle$Holder.reinvoke_L(java.lang.Object, java.lang.Object, int)'> (0x00000000870ebfb8) 
thrown [s\open\src\hotspot\share\interpreter\linkResolver.cpp, line 773]
Event: 14.472 Thread 0x000001f45ed46e70 Exception <a 'java/lang/NoSuchMethodError'{0x000000008395be80}: 'java.lang.Object java.lang.invoke.DirectMethodHandle$Holder.invokeSpecialIFC(java.lang.Object, java.lang.Object, java.lang.Object)'> (0x000000008395be80) 
thrown [s\open\src\hotspot\share\interpreter\linkResolver.cpp, line 773]
Event: 14.481 Thread 0x000001f45ed46e70 Exception <a 'java/lang/NoSuchMethodError'{0x0000000083808330}: 'java.lang.Object java.lang.invoke.DirectMethodHandle$Holder.invokeVirtual(java.lang.Object, java.lang.Object, java.lang.Object, java.lang.Object, java.lang.Object)'> (0x0000000083808330) 
thrown [s\open\src\hotspot\share\interpreter\linkResolver.cpp, line 773]
Event: 15.103 Thread 0x000001f45ed46e70 Exception <a 'java/lang/NoSuchMethodError'{0x000000008319d110}: 'java.lang.reflect.Field[] java.lang.Class.getDeclaredFields(java.lang.Class)'> (0x000000008319d110) 
thrown [s\open\src\hotspot\share\interpreter\linkResolver.cpp, line 773]

VM Operations (20 events):
Event: 13.488 Executing VM operation: G1CollectForAllocation
Event: 13.501 Executing VM operation: G1CollectForAllocation done
Event: 13.626 Executing VM operation: HandshakeAllThreads
Event: 13.626 Executing VM operation: HandshakeAllThreads done
Event: 13.627 Executing VM operation: HandshakeAllThreads
Event: 13.627 Executing VM operation: HandshakeAllThreads done
Event: 13.639 Executing VM operation: HandshakeAllThreads
Event: 13.639 Executing VM operation: HandshakeAllThreads done
Event: 13.651 Executing VM operation: HandshakeAllThreads
Event: 13.651 Executing VM operation: HandshakeAllThreads done
Event: 13.652 Executing VM operation: HandshakeAllThreads
Event: 13.652 Executing VM operation: HandshakeAllThreads done
Event: 13.767 Executing VM operation: HandshakeAllThreads
Event: 13.767 Executing VM operation: HandshakeAllThreads done
Event: 14.084 Executing VM operation: HandshakeAllThreads
Event: 14.084 Executing VM operation: HandshakeAllThreads done
Event: 14.194 Executing VM operation: G1CollectForAllocation
Event: 14.200 Executing VM operation: G1CollectForAllocation done
Event: 14.416 Executing VM operation: HandshakeAllThreads
Event: 14.416 Executing VM operation: HandshakeAllThreads done

Events (20 events):
Event: 0.104 Thread 0x000001f46ed763c0 Thread added: 0x000001f46ed763c0
Event: 0.236 Thread 0x000001f46ed3ee20 Thread added: 0x000001f46ed3ee20
Event: 0.268 Thread 0x000001f47303a940 Thread added: 0x000001f47303a940
Event: 0.268 Thread 0x000001f4730ca650 Thread added: 0x000001f4730ca650
Event: 4.340 Thread 0x000001f473110120 Thread added: 0x000001f473110120
Event: 4.341 Thread 0x000001f473132f50 Thread added: 0x000001f473132f50
Event: 4.450 Thread 0x000001f4731334b0 Thread added: 0x000001f4731334b0
Event: 5.300 Thread 0x000001f4730ca650 Thread exited: 0x000001f4730ca650
Event: 8.808 Thread 0x000001f4738d3840 Thread added: 0x000001f4738d3840
Event: 9.618 Thread 0x000001f473a0e020 Thread added: 0x000001f473a0e020
Event: 9.664 Thread 0x000001f473a24d10 Thread added: 0x000001f473a24d10
Event: 9.762 Thread 0x000001f473ab3040 Thread added: 0x000001f473ab3040
Event: 11.234 Thread 0x000001f4741b3190 Thread added: 0x000001f4741b3190
Event: 11.693 Thread 0x000001f474474830 Thread added: 0x000001f474474830
Event: 11.842 Thread 0x000001f4746410b0 Thread added: 0x000001f4746410b0
Event: 11.891 Thread 0x000001f4746410b0 Thread exited: 0x000001f4746410b0
Event: 12.046 Thread 0x000001f4741b3190 Thread exited: 0x000001f4741b3190
Event: 14.860 Thread 0x000001f4749bdb10 Thread added: 0x000001f4749bdb10
Event: 15.062 Thread 0x000001f4749be5b0 Thread added: 0x000001f4749be5b0
Event: 15.064 Thread 0x000001f4749beb00 Thread added: 0x000001f4749beb00


Dynamic libraries:
0x00007ff77be20000 - 0x00007ff77be30000 	C:\Program Files\Java\jdk-20\bin\javaw.exe
0x00007ffe5d610000 - 0x00007ffe5d808000 	C:\WINDOWS\SYSTEM32\ntdll.dll
0x00007ffe38df0000 - 0x00007ffe38e09000 	C:\Program Files\AVG\Antivirus\aswhook.dll
0x00007ffe5c0c0000 - 0x00007ffe5c17f000 	C:\WINDOWS\System32\KERNEL32.DLL
0x00007ffe5b2b0000 - 0x00007ffe5b5a6000 	C:\WINDOWS\System32\KERNELBASE.dll
0x00007ffe58590000 - 0x00007ffe58621000 	C:\WINDOWS\SYSTEM32\apphelp.dll
0x00007ffe5b030000 - 0x00007ffe5b130000 	C:\WINDOWS\System32\ucrtbase.dll
0x00007ffe41ae0000 - 0x00007ffe41af9000 	C:\Program Files\Java\jdk-20\bin\jli.dll
0x00007ffe5c2d0000 - 0x00007ffe5c37f000 	C:\WINDOWS\System32\ADVAPI32.dll
0x00007ffe5c750000 - 0x00007ffe5c7ee000 	C:\WINDOWS\System32\msvcrt.dll
0x00007ffe5cff0000 - 0x00007ffe5d08c000 	C:\WINDOWS\System32\sechost.dll
0x00007ffe5c9a0000 - 0x00007ffe5cac6000 	C:\WINDOWS\System32\RPCRT4.dll
0x00007ffe5b7c0000 - 0x00007ffe5b95d000 	C:\WINDOWS\System32\USER32.dll
0x00007ffe5b1d0000 - 0x00007ffe5b1f2000 	C:\WINDOWS\System32\win32u.dll
0x00007ffe5c600000 - 0x00007ffe5c62c000 	C:\WINDOWS\System32\GDI32.dll
0x00007ffe5af10000 - 0x00007ffe5b025000 	C:\WINDOWS\System32\gdi32full.dll
0x00007ffe5b130000 - 0x00007ffe5b1cd000 	C:\WINDOWS\System32\msvcp_win.dll
0x00007ffe436c0000 - 0x00007ffe436db000 	C:\Program Files\Java\jdk-20\bin\VCRUNTIME140.dll
0x00007ffe48fd0000 - 0x00007ffe4926a000 	C:\WINDOWS\WinSxS\amd64_microsoft.windows.common-controls_6595b64144ccf1df_6.0.19041.1110_none_60b5254171f9507e\COMCTL32.dll
0x00007ffe54440000 - 0x00007ffe5444a000 	C:\WINDOWS\SYSTEM32\VERSION.dll
0x00007ffe5c570000 - 0x00007ffe5c5a0000 	C:\WINDOWS\System32\IMM32.DLL
0x00007ffe443e0000 - 0x00007ffe443ec000 	C:\Program Files\Java\jdk-20\bin\vcruntime140_1.dll
0x00007ffe1e290000 - 0x00007ffe1e31e000 	C:\Program Files\Java\jdk-20\bin\msvcp140.dll
0x00007ffe10cc0000 - 0x00007ffe11957000 	C:\Program Files\Java\jdk-20\bin\server\jvm.dll
0x00007ffe50b70000 - 0x00007ffe50b79000 	C:\WINDOWS\SYSTEM32\WSOCK32.dll
0x00007ffe5c630000 - 0x00007ffe5c69b000 	C:\WINDOWS\System32\WS2_32.dll
0x00007ffe52090000 - 0x00007ffe520b7000 	C:\WINDOWS\SYSTEM32\WINMM.dll
0x00007ffe58bc0000 - 0x00007ffe58bd2000 	C:\WINDOWS\SYSTEM32\kernel.appcore.dll
0x00007ffe43d30000 - 0x00007ffe43d3a000 	C:\Program Files\Java\jdk-20\bin\jimage.dll
0x00007ffe50420000 - 0x00007ffe50604000 	C:\WINDOWS\SYSTEM32\DBGHELP.DLL
0x00007ffe502a0000 - 0x00007ffe502d4000 	C:\WINDOWS\SYSTEM32\dbgcore.DLL
0x00007ffe5acf0000 - 0x00007ffe5ad72000 	C:\WINDOWS\System32\bcryptPrimitives.dll
0x00007ffe37c50000 - 0x00007ffe37c8c000 	C:\Program Files\Java\jdk-20\bin\jdwp.dll
0x00007ffe436a0000 - 0x00007ffe436ae000 	C:\Program Files\Java\jdk-20\bin\instrument.dll
0x00007ffe39b70000 - 0x00007ffe39b96000 	C:\Program Files\Java\jdk-20\bin\java.dll
0x00007ffe1df70000 - 0x00007ffe1e047000 	C:\Program Files\Java\jdk-20\bin\jsvml.dll
0x00007ffe5b970000 - 0x00007ffe5c0b4000 	C:\WINDOWS\System32\SHELL32.dll
0x00007ffe58dc0000 - 0x00007ffe59553000 	C:\WINDOWS\SYSTEM32\windows.storage.dll
0x00007ffe5d1e0000 - 0x00007ffe5d534000 	C:\WINDOWS\System32\combase.dll
0x00007ffe5a660000 - 0x00007ffe5a68e000 	C:\WINDOWS\SYSTEM32\Wldp.dll
0x00007ffe5c6a0000 - 0x00007ffe5c74d000 	C:\WINDOWS\System32\SHCORE.dll
0x00007ffe5b6d0000 - 0x00007ffe5b725000 	C:\WINDOWS\System32\shlwapi.dll
0x00007ffe5ac30000 - 0x00007ffe5ac4f000 	C:\WINDOWS\SYSTEM32\profapi.dll
0x00007ffe42cf0000 - 0x00007ffe42cfc000 	C:\Program Files\Java\jdk-20\bin\dt_socket.dll
0x00007ffe5a0b0000 - 0x00007ffe5a0ec000 	C:\WINDOWS\SYSTEM32\IPHLPAPI.DLL
0x00007ffe5a3c0000 - 0x00007ffe5a42a000 	C:\WINDOWS\system32\mswsock.dll
0x00007ffe5a0f0000 - 0x00007ffe5a1ba000 	C:\WINDOWS\SYSTEM32\DNSAPI.dll
0x00007ffe5b7b0000 - 0x00007ffe5b7b8000 	C:\WINDOWS\System32\NSI.dll
0x00007ffe53170000 - 0x00007ffe5317a000 	C:\Windows\System32\rasadhlp.dll
0x00007ffe508a0000 - 0x00007ffe50922000 	C:\WINDOWS\System32\fwpuclnt.dll
0x00007ffe5aee0000 - 0x00007ffe5af07000 	C:\WINDOWS\System32\bcrypt.dll
0x00007ffe37040000 - 0x00007ffe37058000 	C:\Program Files\Java\jdk-20\bin\zip.dll
0x00007ffe37020000 - 0x00007ffe37033000 	C:\Program Files\Java\jdk-20\bin\net.dll
0x00007ffe550d0000 - 0x00007ffe551da000 	C:\WINDOWS\SYSTEM32\WINHTTP.dll
0x00007ffe37000000 - 0x00007ffe37016000 	C:\Program Files\Java\jdk-20\bin\nio.dll
0x00007ffe41bb0000 - 0x00007ffe41bba000 	C:\Program Files\Java\jdk-20\bin\management.dll
0x00007ffe3fd30000 - 0x00007ffe3fd3b000 	C:\Program Files\Java\jdk-20\bin\management_ext.dll
0x00007ffe5b960000 - 0x00007ffe5b968000 	C:\WINDOWS\System32\PSAPI.DLL
0x00007ffe3ed30000 - 0x00007ffe3ed47000 	C:\WINDOWS\system32\napinsp.dll
0x00007ffe3ed50000 - 0x00007ffe3ed6b000 	C:\WINDOWS\system32\pnrpnsp.dll
0x00007ffe3ed10000 - 0x00007ffe3ed25000 	C:\WINDOWS\system32\wshbth.dll
0x00007ffe566f0000 - 0x00007ffe5670d000 	C:\WINDOWS\system32\NLAapi.dll
0x00007ffe3ed70000 - 0x00007ffe3ed82000 	C:\WINDOWS\System32\winrnr.dll
0x00007ffe5a5b0000 - 0x00007ffe5a5c8000 	C:\WINDOWS\SYSTEM32\CRYPTSP.dll
0x00007ffe59ce0000 - 0x00007ffe59d14000 	C:\WINDOWS\system32\rsaenh.dll
0x00007ffe5abf0000 - 0x00007ffe5ac1e000 	C:\WINDOWS\SYSTEM32\USERENV.dll
0x00007ffe5a5d0000 - 0x00007ffe5a5dc000 	C:\WINDOWS\SYSTEM32\CRYPTBASE.dll
0x00007ffe54190000 - 0x00007ffe541a7000 	C:\WINDOWS\SYSTEM32\dhcpcsvc6.DLL
0x00007ffe53a70000 - 0x00007ffe53a8d000 	C:\WINDOWS\SYSTEM32\dhcpcsvc.DLL
0x00007ffe3fbd0000 - 0x00007ffe3fbd7000 	C:\Program Files\Java\jdk-20\bin\extnet.dll
0x00007ffe36f90000 - 0x00007ffe36fa0000 	C:\Program Files\Java\jdk-20\bin\verify.dll

dbghelp: loaded successfully - version: 4.0.5 - missing functions: none
symbol engine: initialized successfully - sym options: 0x614 - pdb path: .;C:\Program Files\Java\jdk-20\bin;C:\WINDOWS\SYSTEM32;C:\Program Files\AVG\Antivirus;C:\WINDOWS\WinSxS\amd64_microsoft.windows.common-controls_6595b64144ccf1df_6.0.19041.1110_none_60b5254171f9507e;C:\Program Files\Java\jdk-20\bin\server

VM Arguments:
jvm_args: -XX:+ShowCodeDetailsInExceptionMessages -agentlib:jdwp=transport=dt_socket,suspend=y,address=localhost:51180 -Dcom.sun.management.jmxremote -Dcom.sun.management.jmxremote.port=51168 -Dcom.sun.management.jmxremote.authenticate=false -Dcom.sun.management.jmxremote.ssl=false -Djava.rmi.server.hostname=localhost -Dspring.jmx.enabled=true -Dmanagement.endpoints.jmx.exposure.include=* -Dspring.application.admin.enabled=true -XX:TieredStopAtLevel=1 -Dspring.boot.project.name=PruebaPersona -javaagent:C:\Users\Gio\Downloads\sts-4.19.0.RELEASE\configuration\org.eclipse.osgi\267\0\.cp\lib\javaagent-shaded.jar -Dfile.encoding=UTF-8 
java_command: com.example.demo.PruebaPersonaApplication --spring.output.ansi.enabled=always
java_class_path (initial): C:\Users\Gio\Documents\workspace-spring-tool-suite-4-4.19.0.RELEASE\PruebaPersona\target\classes;C:\Users\Gio\.m2\repository\org\springframework\boot\spring-boot-starter-data-jpa\3.1.1\spring-boot-starter-data-jpa-3.1.1.jar;C:\Users\Gio\.m2\repository\org\springframework\boot\spring-boot-starter-aop\3.1.1\spring-boot-starter-aop-3.1.1.jar;C:\Users\Gio\.m2\repository\org\springframework\spring-aop\6.0.10\spring-aop-6.0.10.jar;C:\Users\Gio\.m2\repository\org\aspectj\aspectjweaver\1.9.19\aspectjweaver-1.9.19.jar;C:\Users\Gio\.m2\repository\org\springframework\boot\spring-boot-starter-jdbc\3.1.1\spring-boot-starter-jdbc-3.1.1.jar;C:\Users\Gio\.m2\repository\com\zaxxer\HikariCP\5.0.1\HikariCP-5.0.1.jar;C:\Users\Gio\.m2\repository\org\springframework\spring-jdbc\6.0.10\spring-jdbc-6.0.10.jar;C:\Users\Gio\.m2\repository\org\hibernate\orm\hibernate-core\6.2.5.Final\hibernate-core-6.2.5.Final.jar;C:\Users\Gio\.m2\repository\jakarta\persistence\jakarta.persistence-api\3.1.0\jakarta.persistence-api-3.1.0.jar;C:\Users\Gio\.m2\repository\jakarta\transaction\jakarta.transaction-api\2.0.1\jakarta.transaction-api-2.0.1.jar;C:\Users\Gio\.m2\repository\org\jboss\logging\jboss-logging\3.5.1.Final\jboss-logging-3.5.1.Final.jar;C:\Users\Gio\.m2\repository\org\hibernate\common\hibernate-commons-annotations\6.0.6.Final\hibernate-commons-annotations-6.0.6.Final.jar;C:\Users\Gio\.m2\repository\io\smallrye\jandex\3.0.5\jandex-3.0.5.jar;C:\Users\Gio\.m2\repository\com\fasterxml\classmate\1.5.1\classmate-1.5.1.jar;C:\Users\Gio\.m2\repository\net\bytebuddy\byte-buddy\1.14.5\byte-buddy-1.14.5.jar;C:\Users\Gio\.m2\repository\org\glassfish\jaxb\jaxb-runtime\4.0.3\jaxb-runtime-4.0.3.jar;C:\Users\Gio\.m2\repository\org\glassfish\jaxb\jaxb-core\4.0.3\jaxb-core-4.0.3.jar;C:\Users\Gio\.m2\repository\org\eclipse\angus\angus-activation\2.0.1\angus-activation-2.0.1.jar;C:\Users\Gio\.m2\repository\org\glassfish\jaxb\txw2\4.0.3\txw2-4.0.3.jar;C:\Users\Gio\.m2\repository\com\sun\istack\istack-commons-runtime\4.1.2\istack-commons-runtime-4.1.2.jar;C:\Users\Gio\.m2\repository\jakarta\inject\jakarta.inject-api\2.0.1\jakarta.inject-api-2.0.1.jar;C:\Users\Gio\.m2\repository\org\antlr\antlr4-runtime\4.10.1\antlr4-runtime-4.10.1.jar;C:\Users\Gio\.m2\repository\org\springframework\data\spring-data-jpa\3.1.1\spring-data-jpa-3.1.1.jar;C:\Users\Gio\.m2\repository\org\springframework\data\spring-data-commons\3.1.1\spring-data-commons-3.1.1.jar;C:\Users\Gio\.m2\repository\org\springframework\spring-orm\6.0.10\spring-orm-6.0.10.jar;C:\Users\Gio\.m2\repository\org\springframework\spring-context\6.0.10\spring-context-6.0.10.jar;C:\Users\Gio\.m2\repository\org\springframework\spring-tx\6.0.10\spring-tx-6.0.10.jar;C:\Users\Gio\.m2\repository\org\springframework\spring-beans\6.0.10\spring-beans-6.0.10.jar;C:\Users\Gio\.m2\repository\jakarta\annotation\jakarta.annotation-api\2.1.1\jakarta.annotation-api-2.1.1.jar;C:\Users\Gio\.m2\repository\org\slf4j\slf4j-api\2.0.7\slf4j-api-2.0.7.jar;C:\Users\Gio\.m2\repository\org\springframework\spring-aspects\6.0.10\spring-aspects-6.0.10.jar;C:\Users\Gio\.m2\repository\org\springframework\boot\spring-boot-starter-web\3.1.1\spring-boot-starter-web-3.1.1.jar;C:\Users\Gio\.m2\repository\org\springframework\boot\spring-boot-starter\3.1.1\spring-boot-starter-3.1.1.jar;C:\Users\Gio\.m2\repository\org\springframework\boot\spring-boot\3.1.1\spring-boot-3.1.1.jar;C:\Users\Gio\.m2\repository\org\springframework\boot\spring-boot-autoconfigure\3.1.1\spring-boot-autoconfigure-3.1.1.jar;C:\Users\Gio\.m2\repository\org\springframework\boot\spring-boot-starter-logging\3.1.1\spring-boot-starter-logging-3.1.1.jar;C:\Users\Gio\.m2\repository\ch\qos\logback\logback-classic\1.4.8\logback-classic-1.4.8.jar;C:\Users\Gio\.m2\repository\ch\qos\logback\logback-core\1.4.8\logback-core-1.4.8.jar;C:\Users\Gio\.m2\repository\org\apache\logging\log4j\log4j-to-slf4j\2.20.0\log4j-to-slf4j-2.20.0.jar;C:\Users\Gio\.m2\repository\org\apache\logging\log4j\log4j-api\2.20.0\log4j-api-2.20.0.jar;C:\Users\Gio\.m2\repository\org\slf4j\jul-to-slf4j\2.0.7\jul-to-slf4j-2.0.7.jar;C:\Users\Gio\.m2\repository\org\yaml\snakeyaml\1.33\snakeyaml-1.33.jar;C:\Users\Gio\.m2\repository\org\springframework\boot\spring-boot-starter-json\3.1.1\spring-boot-starter-json-3.1.1.jar;C:\Users\Gio\.m2\repository\com\fasterxml\jackson\core\jackson-databind\2.15.2\jackson-databind-2.15.2.jar;C:\Users\Gio\.m2\repository\com\fasterxml\jackson\core\jackson-annotations\2.15.2\jackson-annotations-2.15.2.jar;C:\Users\Gio\.m2\repository\com\fasterxml\jackson\core\jackson-core\2.15.2\jackson-core-2.15.2.jar;C:\Users\Gio\.m2\repository\com\fasterxml\jackson\datatype\jackson-datatype-jdk8\2.15.2\jackson-datatype-jdk8-2.15.2.jar;C:\Users\Gio\.m2\repository\com\fasterxml\jackson\datatype\jackson-datatype-jsr310\2.15.2\jackson-datatype-jsr310-2.15.2.jar;C:\Users\Gio\.m2\repository\com\fasterxml\jackson\module\jackson-module-parameter-names\2.15.2\jackson-module-parameter-names-2.15.2.jar;C:\Users\Gio\.m2\repository\org\springframework\boot\spring-boot-starter-tomcat\3.1.1\spring-boot-starter-tomcat-3.1.1.jar;C:\Users\Gio\.m2\repository\org\apache\tomcat\embed\tomcat-embed-core\10.1.10\tomcat-embed-core-10.1.10.jar;C:\Users\Gio\.m2\repository\org\apache\tomcat\embed\tomcat-embed-el\10.1.10\tomcat-embed-el-10.1.10.jar;C:\Users\Gio\.m2\repository\org\apache\tomcat\embed\tomcat-embed-websocket\10.1.10\tomcat-embed-websocket-10.1.10.jar;C:\Users\Gio\.m2\repository\org\springframework\spring-web\6.0.10\spring-web-6.0.10.jar;C:\Users\Gio\.m2\repository\io\micrometer\micrometer-observation\1.11.1\micrometer-observation-1.11.1.jar;C:\Users\Gio\.m2\repository\io\micrometer\micrometer-commons\1.11.1\micrometer-commons-1.11.1.jar;C:\Users\Gio\.m2\repository\org\springframework\spring-webmvc\6.0.10\spring-webmvc-6.0.10.jar;C:\Users\Gio\.m2\repository\org\springframework\spring-expression\6.0.10\spring-expression-6.0.10.jar;C:\Users\Gio\.m2\repository\org\postgresql\postgresql\42.6.0\postgresql-42.6.0.jar;C:\Users\Gio\.m2\repository\org\checkerframework\checker-qual\3.31.0\checker-qual-3.31.0.jar;C:\Users\Gio\.m2\repository\jakarta\xml\bind\jakarta.xml.bind-api\4.0.0\jakarta.xml.bind-api-4.0.0.jar;C:\Users\Gio\.m2\repository\jakarta\activation\jakarta.activation-api\2.1.2\jakarta.activation-api-2.1.2.jar;C:\Users\Gio\.m2\repository\org\springframework\spring-core\6.0.10\spring-core-6.0.10.jar;C:\Users\Gio\.m2\repository\org\springframework\spring-jcl\6.0.10\spring-jcl-6.0.10.jar
Launcher Type: SUN_STANDARD

[Global flags]
     intx CICompilerCount                          = 3                                         {product} {ergonomic}
     uint ConcGCThreads                            = 1                                         {product} {ergonomic}
     uint G1ConcRefinementThreads                  = 4                                         {product} {ergonomic}
   size_t G1HeapRegionSize                         = 1048576                                   {product} {ergonomic}
    uintx GCDrainStackTargetSize                   = 64                                        {product} {ergonomic}
   size_t InitialHeapSize                          = 134217728                                 {product} {ergonomic}
     bool ManagementServer                         = true                                      {product} {command line}
   size_t MarkStackSize                            = 4194304                                   {product} {ergonomic}
   size_t MaxHeapSize                              = 2128609280                                {product} {ergonomic}
   size_t MaxNewSize                               = 1277165568                                {product} {ergonomic}
   size_t MinHeapDeltaBytes                        = 1048576                                   {product} {ergonomic}
   size_t MinHeapSize                              = 8388608                                   {product} {ergonomic}
    uintx NonProfiledCodeHeapSize                  = 0                                      {pd product} {ergonomic}
     bool ProfileInterpreter                       = false                                  {pd product} {command line}
    uintx ProfiledCodeHeapSize                     = 0                                      {pd product} {ergonomic}
     bool ShowCodeDetailsInExceptionMessages       = true                                   {manageable} {command line}
   size_t SoftMaxHeapSize                          = 2128609280                             {manageable} {ergonomic}
     intx TieredStopAtLevel                        = 1                                         {product} {command line}
     bool UseCompressedClassPointers               = true                           {product lp64_product} {ergonomic}
     bool UseCompressedOops                        = true                           {product lp64_product} {ergonomic}
     bool UseG1GC                                  = true                                      {product} {ergonomic}
     bool UseLargePagesIndividualAllocation        = false                                  {pd product} {ergonomic}

Logging:
Log output configuration:
 #0: stdout all=warning uptime,level,tags foldmultilines=false
 #1: stderr all=off uptime,level,tags foldmultilines=false

Environment Variables:
PATH=C:/Users/Gio/Downloads/sts-4.19.0.RELEASE//plugins/org.eclipse.justj.openjdk.hotspot.jre.full.win32.x86_64_17.0.7.v20230425-1502/jre/bin/server;C:/Users/Gio/Downloads/sts-4.19.0.RELEASE//plugins/org.eclipse.justj.openjdk.hotspot.jre.full.win32.x86_64_17.0.7.v20230425-1502/jre/bin;C:\Program Files\Common Files\Oracle\Java\javapath;C:\Program Files (x86)\Common Files\Intel\Shared Libraries\redist\intel64\compiler;C:\WINDOWS\system32;C:\WINDOWS;C:\WINDOWS\System32\Wbem;C:\WINDOWS\System32\WindowsPowerShell\v1.0\;C:\WINDOWS\System32\OpenSSH\;C:\Program Files\Common Files\Autodesk Shared\;C:\Users\Gio\AppData\Local\Microsoft\WindowsApps;;C:\Users\Gio\AppData\Local\Programs\Microsoft VS Code\bin;C:\Users\Gio\Downloads\sts-4.19.0.RELEASE;
USERNAME=Gio
OS=Windows_NT
PROCESSOR_IDENTIFIER=Intel64 Family 6 Model 158 Stepping 9, GenuineIntel
TMP=C:\Users\Gio\AppData\Local\Temp
TEMP=C:\Users\Gio\AppData\Local\Temp




---------------  S Y S T E M  ---------------

OS:
 Windows 10 , 64 bit Build 19041 (10.0.19041.3031)
OS uptime: 0 days 5:10 hours

CPU: total 4 (initial active 4) (2 cores per cpu, 2 threads per core) family 6 model 158 stepping 9 microcode 0xb4, cx8, cmov, fxsr, ht, mmx, 3dnowpref, sse, sse2, sse3, ssse3, sse4.1, sse4.2, popcnt, lzcnt, tsc, tscinvbit, avx, avx2, aes, erms, clmul, bmi1, bmi2, adx, fma, vzeroupper, clflush, clflushopt, rdtscp, f16c

Memory: 4k page, system-wide physical 8119M (688M free)
TotalPageFile size 12119M (AvailPageFile size 1M)
current process WorkingSet (physical memory assigned to process): 128M, peak: 164M
current process commit charge ("private bytes"): 168M, peak: 240M

vm_info: Java HotSpot(TM) 64-Bit Server VM (20.0.1+9-29) for windows-amd64 JRE (20.0.1+9-29), built on 2023-03-07T13:56:11Z by "mach5one" with MS VC++ 17.1 (VS2022)

END.
